[{"line":1,"elements":[{"start_timestamp":"2024-10-18T05:07:57.104Z","line":3,"name":"The user is logging in into the page","description":"","id":"newyorktimes-automation;the-user-is-logging-in-into-the-page","type":"scenario","keyword":"Scenario","steps":[{"result":{"error_message":"org.openqa.selenium.remote.NoSuchDriverException: Unable to obtain: Capabilities {browserName: MicrosoftEdge, ms:edgeOptions: {args: [--remote-allow-origins=*], extensions: []}}\r\n\tat org.openqa.selenium.remote.service.DriverFinder.getPath(DriverFinder.java:29)\r\n\tat org.openqa.selenium.edge.EdgeDriver.generateExecutor(EdgeDriver.java:70)\r\n\tat org.openqa.selenium.edge.EdgeDriver.<init>(EdgeDriver.java:59)\r\n\tat org.openqa.selenium.edge.EdgeDriver.<init>(EdgeDriver.java:55)\r\n\tat org.openqa.selenium.edge.EdgeDriver.<init>(EdgeDriver.java:47)\r\n\tat org.openqa.selenium.edge.EdgeDriver.<init>(EdgeDriver.java:43)\r\n\tat org.utility.BaseClass.browserLaunch(BaseClass.java:31)\r\n\tat org.stepdefinition.Steps.the_user_navigates_to_the_login_page(Steps.java:21)\r\n\tat ✽.The user navigates to the Login page(file:///C:/Users/kchristopher/eclipse-workspace/NewYorkTimesProject/src/test/resources/Feature/NYtimes.feature:5)\r\nCaused by: org.openqa.selenium.WebDriverException: Unsuccessful command executed: [C:\\Users\\KCHRIS~1\\AppData\\Local\\Temp\\selenium-manager1607396188590002330173384801090134\\selenium-manager.exe, --browser, MicrosoftEdge, --output, json]\nerror sending request for url (https://msedgedriver.azureedge.net/LATEST_RELEASE_129_WINDOWS): error trying to connect: dns error: No such host is known. (os error 11001)\nBuild info: version: '4.10.0', revision: 'c14d967899'\nSystem info: os.name: 'Windows 11', os.arch: 'amd64', os.version: '10.0', java.version: '23'\nDriver info: driver.version: EdgeDriver\r\n\tat org.openqa.selenium.manager.SeleniumManager.runCommand(SeleniumManager.java:130)\r\n\tat org.openqa.selenium.manager.SeleniumManager.getDriverPath(SeleniumManager.java:251)\r\n\tat org.openqa.selenium.remote.service.DriverFinder.getPath(DriverFinder.java:27)\r\n\tat org.openqa.selenium.edge.EdgeDriver.generateExecutor(EdgeDriver.java:70)\r\n\tat org.openqa.selenium.edge.EdgeDriver.<init>(EdgeDriver.java:59)\r\n\tat org.openqa.selenium.edge.EdgeDriver.<init>(EdgeDriver.java:55)\r\n\tat org.openqa.selenium.edge.EdgeDriver.<init>(EdgeDriver.java:47)\r\n\tat org.openqa.selenium.edge.EdgeDriver.<init>(EdgeDriver.java:43)\r\n\tat org.utility.BaseClass.browserLaunch(BaseClass.java:31)\r\n\tat org.stepdefinition.Steps.the_user_navigates_to_the_login_page(Steps.java:21)\r\n\tat java.base/jdk.internal.reflect.DirectMethodHandleAccessor.invoke(DirectMethodHandleAccessor.java:103)\r\n\tat java.base/java.lang.reflect.Method.invoke(Method.java:580)\r\n\tat io.cucumber.java.Invoker.doInvoke(Invoker.java:66)\r\n\tat io.cucumber.java.Invoker.invoke(Invoker.java:24)\r\n\tat io.cucumber.java.AbstractGlueDefinition.invokeMethod(AbstractGlueDefinition.java:47)\r\n\tat io.cucumber.java.JavaStepDefinition.execute(JavaStepDefinition.java:29)\r\n\tat io.cucumber.core.runner.CoreStepDefinition.execute(CoreStepDefinition.java:66)\r\n\tat io.cucumber.core.runner.PickleStepDefinitionMatch.runStep(PickleStepDefinitionMatch.java:63)\r\n\tat io.cucumber.core.runner.ExecutionMode$1.execute(ExecutionMode.java:10)\r\n\tat io.cucumber.core.runner.TestStep.executeStep(TestStep.java:85)\r\n\tat io.cucumber.core.runner.TestStep.run(TestStep.java:57)\r\n\tat io.cucumber.core.runner.PickleStepTestStep.run(PickleStepTestStep.java:51)\r\n\tat io.cucumber.core.runner.TestCase.run(TestCase.java:84)\r\n\tat io.cucumber.core.runner.Runner.runPickle(Runner.java:75)\r\n\tat io.cucumber.junit.PickleRunners$NoStepDescriptions.lambda$run$0(PickleRunners.java:151)\r\n\tat io.cucumber.core.runtime.CucumberExecutionContext.lambda$runTestCase$5(CucumberExecutionContext.java:129)\r\n\tat io.cucumber.core.runtime.RethrowingThrowableCollector.executeAndThrow(RethrowingThrowableCollector.java:23)\r\n\tat io.cucumber.core.runtime.CucumberExecutionContext.runTestCase(CucumberExecutionContext.java:129)\r\n\tat io.cucumber.junit.PickleRunners$NoStepDescriptions.run(PickleRunners.java:148)\r\n\tat io.cucumber.junit.FeatureRunner.runChild(FeatureRunner.java:144)\r\n\tat io.cucumber.junit.FeatureRunner.runChild(FeatureRunner.java:28)\r\n\tat org.junit.runners.ParentRunner$4.run(ParentRunner.java:331)\r\n\tat org.junit.runners.ParentRunner$1.schedule(ParentRunner.java:79)\r\n\tat org.junit.runners.ParentRunner.runChildren(ParentRunner.java:329)\r\n\tat org.junit.runners.ParentRunner.access$100(ParentRunner.java:66)\r\n\tat org.junit.runners.ParentRunner$2.evaluate(ParentRunner.java:293)\r\n\tat org.junit.runners.ParentRunner$3.evaluate(ParentRunner.java:306)\r\n\tat org.junit.runners.ParentRunner.run(ParentRunner.java:413)\r\n\tat io.cucumber.junit.FeatureRunner.run(FeatureRunner.java:137)\r\n\tat io.cucumber.junit.Cucumber.runChild(Cucumber.java:196)\r\n\tat io.cucumber.junit.Cucumber.runChild(Cucumber.java:89)\r\n\tat org.junit.runners.ParentRunner$4.run(ParentRunner.java:331)\r\n\tat org.junit.runners.ParentRunner$1.schedule(ParentRunner.java:79)\r\n\tat org.junit.runners.ParentRunner.runChildren(ParentRunner.java:329)\r\n\tat org.junit.runners.ParentRunner.access$100(ParentRunner.java:66)\r\n\tat org.junit.runners.ParentRunner$2.evaluate(ParentRunner.java:293)\r\n\tat io.cucumber.junit.Cucumber$RunBeforeAllHooks.evaluate(Cucumber.java:266)\r\n\tat io.cucumber.junit.Cucumber$RunAfterAllHooks.evaluate(Cucumber.java:281)\r\n\tat io.cucumber.junit.Cucumber$StartTestRun.evaluate(Cucumber.java:233)\r\n\tat io.cucumber.junit.Cucumber$FinishTestRun.evaluate(Cucumber.java:248)\r\n\tat org.junit.runners.ParentRunner$3.evaluate(ParentRunner.java:306)\r\n\tat org.junit.runners.ParentRunner.run(ParentRunner.java:413)\r\n\tat org.eclipse.jdt.internal.junit4.runner.JUnit4TestReference.run(JUnit4TestReference.java:93)\r\n\tat org.eclipse.jdt.internal.junit.runner.TestExecution.run(TestExecution.java:40)\r\n\tat org.eclipse.jdt.internal.junit.runner.RemoteTestRunner.runTests(RemoteTestRunner.java:530)\r\n\tat org.eclipse.jdt.internal.junit.runner.RemoteTestRunner.runTests(RemoteTestRunner.java:758)\r\n\tat org.eclipse.jdt.internal.junit.runner.RemoteTestRunner.run(RemoteTestRunner.java:453)\r\n\tat org.eclipse.jdt.internal.junit.runner.RemoteTestRunner.main(RemoteTestRunner.java:211)\r\n","duration":12309013600,"status":"failed"},"line":5,"name":"The user navigates to the Login page","match":{"location":"org.stepdefinition.Steps.the_user_navigates_to_the_login_page()"},"keyword":"Given "},{"result":{"duration":1029000,"status":"skipped"},"line":6,"name":"The user enter the email id and password","match":{"location":"org.stepdefinition.Steps.the_user_enter_the_email_id_and_password()"},"keyword":"When "},{"result":{"status":"skipped"},"line":7,"name":"The user is clicking the Login button","match":{"location":"org.stepdefinition.Steps.the_user_is_clicking_the_login_button()"},"keyword":"Then "},{"result":{"duration":1271600,"status":"skipped"},"line":8,"name":"The user is redirected to the homepage","match":{"location":"org.stepdefinition.Steps.the_user_is_redirected_to_the_homepage()"},"keyword":"And "}]},{"start_timestamp":"2024-10-18T05:08:09.534Z","line":10,"name":"The user is navigating to the elections page","description":"","id":"newyorktimes-automation;the-user-is-navigating-to-the-elections-page","type":"scenario","keyword":"Scenario","steps":[{"result":{"error_message":"org.openqa.selenium.remote.NoSuchDriverException: Unable to obtain: Capabilities {browserName: MicrosoftEdge, ms:edgeOptions: {args: [--remote-allow-origins=*], extensions: []}}\r\n\tat org.openqa.selenium.remote.service.DriverFinder.getPath(DriverFinder.java:29)\r\n\tat org.openqa.selenium.edge.EdgeDriver.generateExecutor(EdgeDriver.java:70)\r\n\tat org.openqa.selenium.edge.EdgeDriver.<init>(EdgeDriver.java:59)\r\n\tat org.openqa.selenium.edge.EdgeDriver.<init>(EdgeDriver.java:55)\r\n\tat org.openqa.selenium.edge.EdgeDriver.<init>(EdgeDriver.java:47)\r\n\tat org.openqa.selenium.edge.EdgeDriver.<init>(EdgeDriver.java:43)\r\n\tat org.utility.BaseClass.browserLaunch(BaseClass.java:31)\r\n\tat org.stepdefinition.Steps.the_user_navigates_to_the_login_page(Steps.java:21)\r\n\tat ✽.The user navigates to the Login page(file:///C:/Users/kchristopher/eclipse-workspace/NewYorkTimesProject/src/test/resources/Feature/NYtimes.feature:12)\r\nCaused by: org.openqa.selenium.WebDriverException: Unsuccessful command executed: [C:\\Users\\KCHRIS~1\\AppData\\Local\\Temp\\selenium-manager1607396188590002330173384801090134\\selenium-manager.exe, --browser, MicrosoftEdge, --output, json]\nerror sending request for url (https://msedgedriver.azureedge.net/LATEST_RELEASE_129_WINDOWS): error trying to connect: dns error: No such host is known. (os error 11001)\nBuild info: version: '4.10.0', revision: 'c14d967899'\nSystem info: os.name: 'Windows 11', os.arch: 'amd64', os.version: '10.0', java.version: '23'\nDriver info: driver.version: EdgeDriver\r\n\tat org.openqa.selenium.manager.SeleniumManager.runCommand(SeleniumManager.java:130)\r\n\tat org.openqa.selenium.manager.SeleniumManager.getDriverPath(SeleniumManager.java:251)\r\n\tat org.openqa.selenium.remote.service.DriverFinder.getPath(DriverFinder.java:27)\r\n\tat org.openqa.selenium.edge.EdgeDriver.generateExecutor(EdgeDriver.java:70)\r\n\tat org.openqa.selenium.edge.EdgeDriver.<init>(EdgeDriver.java:59)\r\n\tat org.openqa.selenium.edge.EdgeDriver.<init>(EdgeDriver.java:55)\r\n\tat org.openqa.selenium.edge.EdgeDriver.<init>(EdgeDriver.java:47)\r\n\tat org.openqa.selenium.edge.EdgeDriver.<init>(EdgeDriver.java:43)\r\n\tat org.utility.BaseClass.browserLaunch(BaseClass.java:31)\r\n\tat org.stepdefinition.Steps.the_user_navigates_to_the_login_page(Steps.java:21)\r\n\tat java.base/jdk.internal.reflect.DirectMethodHandleAccessor.invoke(DirectMethodHandleAccessor.java:103)\r\n\tat java.base/java.lang.reflect.Method.invoke(Method.java:580)\r\n\tat io.cucumber.java.Invoker.doInvoke(Invoker.java:66)\r\n\tat io.cucumber.java.Invoker.invoke(Invoker.java:24)\r\n\tat io.cucumber.java.AbstractGlueDefinition.invokeMethod(AbstractGlueDefinition.java:47)\r\n\tat io.cucumber.java.JavaStepDefinition.execute(JavaStepDefinition.java:29)\r\n\tat io.cucumber.core.runner.CoreStepDefinition.execute(CoreStepDefinition.java:66)\r\n\tat io.cucumber.core.runner.PickleStepDefinitionMatch.runStep(PickleStepDefinitionMatch.java:63)\r\n\tat io.cucumber.core.runner.ExecutionMode$1.execute(ExecutionMode.java:10)\r\n\tat io.cucumber.core.runner.TestStep.executeStep(TestStep.java:85)\r\n\tat io.cucumber.core.runner.TestStep.run(TestStep.java:57)\r\n\tat io.cucumber.core.runner.PickleStepTestStep.run(PickleStepTestStep.java:51)\r\n\tat io.cucumber.core.runner.TestCase.run(TestCase.java:84)\r\n\tat io.cucumber.core.runner.Runner.runPickle(Runner.java:75)\r\n\tat io.cucumber.junit.PickleRunners$NoStepDescriptions.lambda$run$0(PickleRunners.java:151)\r\n\tat io.cucumber.core.runtime.CucumberExecutionContext.lambda$runTestCase$5(CucumberExecutionContext.java:129)\r\n\tat io.cucumber.core.runtime.RethrowingThrowableCollector.executeAndThrow(RethrowingThrowableCollector.java:23)\r\n\tat io.cucumber.core.runtime.CucumberExecutionContext.runTestCase(CucumberExecutionContext.java:129)\r\n\tat io.cucumber.junit.PickleRunners$NoStepDescriptions.run(PickleRunners.java:148)\r\n\tat io.cucumber.junit.FeatureRunner.runChild(FeatureRunner.java:144)\r\n\tat io.cucumber.junit.FeatureRunner.runChild(FeatureRunner.java:28)\r\n\tat org.junit.runners.ParentRunner$4.run(ParentRunner.java:331)\r\n\tat org.junit.runners.ParentRunner$1.schedule(ParentRunner.java:79)\r\n\tat org.junit.runners.ParentRunner.runChildren(ParentRunner.java:329)\r\n\tat org.junit.runners.ParentRunner.access$100(ParentRunner.java:66)\r\n\tat org.junit.runners.ParentRunner$2.evaluate(ParentRunner.java:293)\r\n\tat org.junit.runners.ParentRunner$3.evaluate(ParentRunner.java:306)\r\n\tat org.junit.runners.ParentRunner.run(ParentRunner.java:413)\r\n\tat io.cucumber.junit.FeatureRunner.run(FeatureRunner.java:137)\r\n\tat io.cucumber.junit.Cucumber.runChild(Cucumber.java:196)\r\n\tat io.cucumber.junit.Cucumber.runChild(Cucumber.java:89)\r\n\tat org.junit.runners.ParentRunner$4.run(ParentRunner.java:331)\r\n\tat org.junit.runners.ParentRunner$1.schedule(ParentRunner.java:79)\r\n\tat org.junit.runners.ParentRunner.runChildren(ParentRunner.java:329)\r\n\tat org.junit.runners.ParentRunner.access$100(ParentRunner.java:66)\r\n\tat org.junit.runners.ParentRunner$2.evaluate(ParentRunner.java:293)\r\n\tat io.cucumber.junit.Cucumber$RunBeforeAllHooks.evaluate(Cucumber.java:266)\r\n\tat io.cucumber.junit.Cucumber$RunAfterAllHooks.evaluate(Cucumber.java:281)\r\n\tat io.cucumber.junit.Cucumber$StartTestRun.evaluate(Cucumber.java:233)\r\n\tat io.cucumber.junit.Cucumber$FinishTestRun.evaluate(Cucumber.java:248)\r\n\tat org.junit.runners.ParentRunner$3.evaluate(ParentRunner.java:306)\r\n\tat org.junit.runners.ParentRunner.run(ParentRunner.java:413)\r\n\tat org.eclipse.jdt.internal.junit4.runner.JUnit4TestReference.run(JUnit4TestReference.java:93)\r\n\tat org.eclipse.jdt.internal.junit.runner.TestExecution.run(TestExecution.java:40)\r\n\tat org.eclipse.jdt.internal.junit.runner.RemoteTestRunner.runTests(RemoteTestRunner.java:530)\r\n\tat org.eclipse.jdt.internal.junit.runner.RemoteTestRunner.runTests(RemoteTestRunner.java:758)\r\n\tat org.eclipse.jdt.internal.junit.runner.RemoteTestRunner.run(RemoteTestRunner.java:453)\r\n\tat org.eclipse.jdt.internal.junit.runner.RemoteTestRunner.main(RemoteTestRunner.java:211)\r\n","duration":11756013400,"status":"failed"},"line":12,"name":"The user navigates to the Login page","match":{"location":"org.stepdefinition.Steps.the_user_navigates_to_the_login_page()"},"keyword":"Given "},{"result":{"status":"skipped"},"line":13,"name":"The user enter the US","match":{"location":"org.stepdefinition.Steps.the_user_enter_the_us()"},"keyword":"When "},{"result":{"status":"skipped"},"line":14,"name":"The user is clicking the Elections","match":{"location":"org.stepdefinition.Steps.the_user_is_clicking_the_elections()"},"keyword":"Then "},{"result":{"duration":999000,"status":"skipped"},"line":15,"name":"The article regarding the Elections should be shown","match":{"location":"org.stepdefinition.Steps.the_article_regarding_the_elections_should_be_shown()"},"keyword":"And "}]},{"start_timestamp":"2024-10-18T05:08:21.377Z","line":17,"name":"The user is navigating to the world page","description":"","id":"newyorktimes-automation;the-user-is-navigating-to-the-world-page","type":"scenario","keyword":"Scenario","steps":[{"result":{"error_message":"java.lang.NullPointerException: Cannot invoke \"org.pom.Pages.getContinueBtn()\" because \"this.p\" is null\r\n\tat org.stepdefinition.Steps.the_user_navigates_to_the_world_page(Steps.java:73)\r\n\tat ✽.The user navigates to the world page(file:///C:/Users/kchristopher/eclipse-workspace/NewYorkTimesProject/src/test/resources/Feature/NYtimes.feature:19)\r\n","duration":25732600,"status":"failed"},"line":19,"name":"The user navigates to the world page","match":{"location":"org.stepdefinition.Steps.the_user_navigates_to_the_world_page()"},"keyword":"Given "},{"result":{"status":"skipped"},"line":20,"name":"The user is clicking the Canada","match":{"location":"org.stepdefinition.Steps.the_user_is_clicking_the_canada()"},"keyword":"Then "},{"result":{"duration":1024400,"status":"skipped"},"line":21,"name":"The article regarding the Canada should be displayed","match":{},"keyword":"And "}]},{"start_timestamp":"2024-10-18T05:08:21.421Z","line":23,"name":"The user is Searching a context","description":"","id":"newyorktimes-automation;the-user-is-searching-a-context","type":"scenario","keyword":"Scenario","steps":[{"result":{"duration":19443234100,"status":"passed"},"line":25,"name":"The user navigates to the Login page","match":{"location":"org.stepdefinition.Steps.the_user_navigates_to_the_login_page()"},"keyword":"Given "},{"result":{"error_message":"java.lang.NullPointerException: Cannot invoke \"org.pom.Pages.getContinueBtn()\" because \"this.p\" is null\r\n\tat org.stepdefinition.Steps.the_user_enter_the_climate(Steps.java:92)\r\n\tat ✽.The user enter the Climate(file:///C:/Users/kchristopher/eclipse-workspace/NewYorkTimesProject/src/test/resources/Feature/NYtimes.feature:26)\r\n","duration":2018000,"status":"failed"},"line":26,"name":"The user enter the Climate","match":{"location":"org.stepdefinition.Steps.the_user_enter_the_climate()"},"keyword":"When "},{"result":{"status":"skipped"},"line":27,"name":"The user is clicking the Search button","match":{"location":"org.stepdefinition.Steps.the_user_is_clicking_the_search_button()"},"keyword":"Then "},{"result":{"status":"skipped"},"line":28,"name":"The search result should be relevant to th climate","match":{"location":"org.stepdefinition.Steps.the_search_result_should_be_relevant_to_th_climate()"},"keyword":"And "}]}],"name":"NewyorkTimes Automation","description":"","id":"newyorktimes-automation","keyword":"Feature","uri":"file:src/test/resources/Feature/NYtimes.feature","tags":[]}]