<?xml version="1.0" encoding="UTF-8" standalone="no"?>
<testsuite errors="0" failures="4" name="io.cucumber.core.plugin.JUnitFormatter" skipped="0" tests="4" time="88.44">
    <testcase classname="NewyorkTimes Automation" name="The user is logging in into the page" time="68.162">
        <failure message="Unable to find element with locator By.id: password&#10;For documentation on this error, please visit: https://www.selenium.dev/documentation/webdriver/troubleshooting/errors#no-such-element-exception&#10;Build info: version: '4.10.0', revision: 'c14d967899'&#10;System info: os.name: 'Windows 11', os.arch: 'amd64', os.version: '10.0', java.version: '23'&#10;Driver info: driver.version: RemoteWebDriver" type="org.openqa.selenium.NoSuchElementException"><![CDATA[Given The user navigates to the Login page..................................passed
When The user enter the email id and password...............................failed
Then The user is clicking the Login button..................................skipped
And The user is redirected to the homepage..................................skipped

StackTrace:
org.openqa.selenium.NoSuchElementException: Unable to find element with locator By.id: password
For documentation on this error, please visit: https://www.selenium.dev/documentation/webdriver/troubleshooting/errors#no-such-element-exception
Build info: version: '4.10.0', revision: 'c14d967899'
System info: os.name: 'Windows 11', os.arch: 'amd64', os.version: '10.0', java.version: '23'
Driver info: driver.version: RemoteWebDriver
	at org.openqa.selenium.remote.ElementLocation$ElementFinder$2.findElement(ElementLocation.java:168)
	at org.openqa.selenium.remote.ElementLocation.findElement(ElementLocation.java:59)
	at org.openqa.selenium.remote.RemoteWebDriver.findElement(RemoteWebDriver.java:350)
	at org.openqa.selenium.remote.RemoteWebDriver.findElement(RemoteWebDriver.java:344)
	at org.openqa.selenium.support.pagefactory.DefaultElementLocator.findElement(DefaultElementLocator.java:68)
	at org.openqa.selenium.support.pagefactory.internal.LocatingElementHandler.invoke(LocatingElementHandler.java:38)
	at jdk.proxy2/jdk.proxy2.$Proxy23.sendKeys(Unknown Source)
	at org.utility.BaseClass.sendKeys(BaseClass.java:55)
	at org.stepdefinition.Steps.the_user_enter_the_email_id_and_password(Steps.java:34)
	at ✽.The user enter the email id and password(file:///C:/Users/kchristopher/eclipse-workspace/NewYorkTimesProject/src/test/resources/Feature/NYtimes.feature:6)
]]></failure>
    </testcase>
    <testcase classname="NewyorkTimes Automation" name="The user is navigating to the elections page" time="11.155">
        <failure message="Cannot invoke &quot;org.pom.Pages.getContinueBtn()&quot; because &quot;this.p&quot; is null" type="java.lang.NullPointerException"><![CDATA[Given The user navigates to the Login page..................................passed
When The user enter the US..................................................failed
Then The user is clicking the Elections.....................................skipped
And The article regarding the Elections should be shown.....................skipped

StackTrace:
java.lang.NullPointerException: Cannot invoke "org.pom.Pages.getContinueBtn()" because "this.p" is null
	at org.stepdefinition.Steps.the_user_enter_the_us(Steps.java:52)
	at ✽.The user enter the US(file:///C:/Users/kchristopher/eclipse-workspace/NewYorkTimesProject/src/test/resources/Feature/NYtimes.feature:13)
]]></failure>
    </testcase>
    <testcase classname="NewyorkTimes Automation" name="The user is navigating to the world page" time="0.004">
        <failure message="Cannot invoke &quot;org.pom.Pages.getContinueBtn()&quot; because &quot;this.p&quot; is null" type="java.lang.NullPointerException"><![CDATA[Given The user navigates to the world page..................................failed
Then The user is clicking the Canada........................................skipped
And The article regarding the Canada should be displayed....................skipped

StackTrace:
java.lang.NullPointerException: Cannot invoke "org.pom.Pages.getContinueBtn()" because "this.p" is null
	at org.stepdefinition.Steps.the_user_navigates_to_the_world_page(Steps.java:73)
	at ✽.The user navigates to the world page(file:///C:/Users/kchristopher/eclipse-workspace/NewYorkTimesProject/src/test/resources/Feature/NYtimes.feature:19)
]]></failure>
    </testcase>
    <testcase classname="NewyorkTimes Automation" name="The user is Searching a context" time="8.801">
        <failure message="Cannot invoke &quot;org.pom.Pages.getContinueBtn()&quot; because &quot;this.p&quot; is null" type="java.lang.NullPointerException"><![CDATA[Given The user navigates to the Login page..................................passed
When The user enter the Climate.............................................failed
Then The user is clicking the Search button.................................skipped
And The search result should be relevant to th climate......................skipped

StackTrace:
java.lang.NullPointerException: Cannot invoke "org.pom.Pages.getContinueBtn()" because "this.p" is null
	at org.stepdefinition.Steps.the_user_enter_the_climate(Steps.java:92)
	at ✽.The user enter the Climate(file:///C:/Users/kchristopher/eclipse-workspace/NewYorkTimesProject/src/test/resources/Feature/NYtimes.feature:26)
]]></failure>
    </testcase>
</testsuite>
